{"/Users/caioalmeida/Documents/projects/boilerplate-vite-react/src/sum.ts": {"path":"/Users/caioalmeida/Documents/projects/boilerplate-vite-react/src/sum.ts","statementMap":{"0":{"start":{"line":2,"column":2},"end":{"line":2,"column":15}}},"fnMap":{"0":{"name":"(anonymous_0)","decl":{"start":{"line":1,"column":15},"end":{"line":1,"column":16}},"loc":{"start":{"line":1,"column":47},"end":{"line":3,"column":1}},"line":1}},"branchMap":{},"s":{"0":1},"f":{"0":1},"b":{},"_coverageSchema":"1a1c01bbd47fc00a2c39e90264f33305004495a9","hash":"0988e30de23daca90b3db5de35393d7fcd571628"}
}
